Cas #1: IMPOSSIBLE
Cas #2: IMPOSSIBLE
Cas #3: IMPOSSIBLE
Cas #4: RPPSPR
Cas #5: IMPOSSIBLE
Cas #6: IMPOSSIBLE
Cas #7: RPSRRS
Cas #8: IMPOSSIBLE
Cas #9: IMPOSSIBLE
Cas #10: IMPOSSIBLE
Cas #11: SRPR
Cas #12: IMPOSSIBLE
Cas #13: IMPOSSIBLE
Cas #14: IMPOSSIBLE
Cas #15: PS
Cas #16: RPPSPS
Cas #17: IMPOSSIBLE
Cas #18: IMPOSSIBLE
Cas #19: IMPOSSIBLE
Cas #20: RPPR
Cas #21: IMPOSSIBLE
Cas #22: IMPOSSIBLE
Cas #23: IMPOSSIBLE
Cas #24: IMPOSSIBLE
Cas #25: IMPOSSIBLE
Cas #26: IMPOSSIBLE
Cas #27: IMPOSSIBLE
Cas #28: IMPOSSIBLE
Cas #29: PR
Cas #30: IMPOSSIBLE
Cas #31: PSPR
Cas #32: PSPR
Cas #33: IMPOSSIBLE
Cas #34: RPPR
Cas #35: IMPOSSIBLE
Cas #36: IMPOSSIBLE
Cas #37: IMPOSSIBLE
Cas #38: RPSRRS
Cas #39: IMPOSSIBLE
Cas #40: IMPOSSIBLE
Cas #41: IMPOSSIBLE
Cas #42: IMPOSSIBLE
Cas #43: IMPOSSIBLE
Cas #44: IMPOSSIBLE
Cas #45: IMPOSSIBLE
Cas #46: IMPOSSIBLE
Cas #47: IMPOSSIBLE
Cas #48: IMPOSSIBLE
Cas #49: IMPOSSIBLE
Cas #50: IMPOSSIBLE
Cas #51: IMPOSSIBLE
Cas #52: IMPOSSIBLE
Cas #53: IMPOSSIBLE
Cas #54: IMPOSSIBLE
Cas #55: IMPOSSIBLE
Cas #56: IMPOSSIBLE
Cas #57: IMPOSSIBLE
Cas #58: IMPOSSIBLE
Cas #59: IMPOSSIBLE
Cas #60: IMPOSSIBLE
Cas #61: IMPOSSIBLE
Cas #62: IMPOSSIBLE
Cas #63: IMPOSSIBLE
Cas #64: IMPOSSIBLE
Cas #65: IMPOSSIBLE
Cas #66: IMPOSSIBLE
Cas #67: IMPOSSIBLE
Cas #68: IMPOSSIBLE
Cas #69: IMPOSSIBLE
Cas #70: RPRPPR
Cas #71: SRPR
Cas #72: IMPOSSIBLE
Cas #73: IMPOSSIBLE
Cas #74: IMPOSSIBLE
Cas #75: IMPOSSIBLE
Cas #76: IMPOSSIBLE
Cas #77: PR
Cas #78: IMPOSSIBLE
Cas #79: PS
Cas #80: IMPOSSIBLE
Cas #81: IMPOSSIBLE
Cas #82: IMPOSSIBLE
Cas #83: IMPOSSIBLE
Cas #84: IMPOSSIBLE
Cas #85: IMPOSSIBLE
Cas #86: IMPOSSIBLE
Cas #87: IMPOSSIBLE
Cas #88: IMPOSSIBLE
Cas #89: IMPOSSIBLE
Cas #90: IMPOSSIBLE
Cas #91: IMPOSSIBLE
Cas #92: IMPOSSIBLE
Cas #93: IMPOSSIBLE
Cas #94: IMPOSSIBLE
Cas #95: IMPOSSIBLE
Cas #96: IMPOSSIBLE
Cas #97: IMPOSSIBLE
Cas #98: IMPOSSIBLE
Cas #99: IMPOSSIBLE
Cas #100: IMPOSSIBLE
Cas #101: IMPOSSIBLE
Cas #102: IMPOSSIBLE
Cas #103: IMPOSSIBLE
Cas #104: IMPOSSIBLE
Cas #105: IMPOSSIBLE
Cas #106: IMPOSSIBLE
Cas #107: IMPOSSIBLE
Cas #108: IMPOSSIBLE
Cas #109: IMPOSSIBLE
Cas #110: IMPOSSIBLE
Cas #111: IMPOSSIBLE
Cas #112: PSPR
Cas #113: IMPOSSIBLE
Cas #114: IMPOSSIBLE
Cas #115: IMPOSSIBLE
Cas #116: IMPOSSIBLE
Cas #117: IMPOSSIBLE
Cas #118: IMPOSSIBLE
Cas #119: IMPOSSIBLE
Cas #120: IMPOSSIBLE
Cas #121: IMPOSSIBLE
Cas #122: IMPOSSIBLE
Cas #123: IMPOSSIBLE
Cas #124: IMPOSSIBLE
Cas #125: IMPOSSIBLE
Cas #126: IMPOSSIBLE
Cas #127: IMPOSSIBLE
Cas #128: IMPOSSIBLE
Cas #129: PSPR
Cas #130: IMPOSSIBLE
Cas #131: IMPOSSIBLE
Cas #132: RPPSPS
Cas #133: IMPOSSIBLE
Cas #134: IMPOSSIBLE
Cas #135: PR
Cas #136: IMPOSSIBLE
Cas #137: IMPOSSIBLE
Cas #138: RPPSPR
Cas #139: IMPOSSIBLE
Cas #140: IMPOSSIBLE
Cas #141: IMPOSSIBLE
Cas #142: IMPOSSIBLE
Cas #143: IMPOSSIBLE
Cas #144: SRPR
Cas #145: IMPOSSIBLE
Cas #146: IMPOSSIBLE
Cas #147: IMPOSSIBLE
Cas #148: IMPOSSIBLE
Cas #149: IMPOSSIBLE
Cas #150: IMPOSSIBLE
Cas #151: PS
Cas #152: IMPOSSIBLE
Cas #153: IMPOSSIBLE
Cas #154: IMPOSSIBLE
Cas #155: IMPOSSIBLE
Cas #156: IMPOSSIBLE
Cas #157: IMPOSSIBLE
Cas #158: IMPOSSIBLE
Cas #159: IMPOSSIBLE
Cas #160: IMPOSSIBLE
Cas #161: IMPOSSIBLE
Cas #162: IMPOSSIBLE
Cas #163: IMPOSSIBLE
Cas #164: IMPOSSIBLE
Cas #165: IMPOSSIBLE
Cas #166: IMPOSSIBLE
Cas #167: IMPOSSIBLE
Cas #168: IMPOSSIBLE
Cas #169: IMPOSSIBLE
Cas #170: IMPOSSIBLE
Cas #171: IMPOSSIBLE
Cas #172: IMPOSSIBLE
Cas #173: IMPOSSIBLE
Cas #174: RPRPPS
Cas #175: IMPOSSIBLE
Cas #176: IMPOSSIBLE
Cas #177: IMPOSSIBLE
Cas #178: IMPOSSIBLE
Cas #179: IMPOSSIBLE
Cas #180: IMPOSSIBLE
Cas #181: IMPOSSIBLE
Cas #182: PS
Cas #183: IMPOSSIBLE
Cas #184: IMPOSSIBLE
Cas #185: IMPOSSIBLE
Cas #186: PR
Cas #187: IMPOSSIBLE
Cas #188: IMPOSSIBLE
Cas #189: PSPR
Cas #190: IMPOSSIBLE
Cas #191: IMPOSSIBLE
Cas #192: IMPOSSIBLE
Cas #193: IMPOSSIBLE
Cas #194: IMPOSSIBLE
Cas #195: IMPOSSIBLE
Cas #196: IMPOSSIBLE
Cas #197: IMPOSSIBLE
Cas #198: IMPOSSIBLE
Cas #199: IMPOSSIBLE
Cas #200: IMPOSSIBLE
Cas #201: IMPOSSIBLE
Cas #202: PR
Cas #203: RS
Cas #204: IMPOSSIBLE
Cas #205: IMPOSSIBLE
Cas #206: IMPOSSIBLE
Cas #207: IMPOSSIBLE
Cas #208: IMPOSSIBLE
Cas #209: IMPOSSIBLE
Cas #210: IMPOSSIBLE
Cas #211: IMPOSSIBLE
Cas #212: IMPOSSIBLE
Cas #213: IMPOSSIBLE
Cas #214: IMPOSSIBLE
Cas #215: PR
Cas #216: IMPOSSIBLE
Cas #217: IMPOSSIBLE
Cas #218: IMPOSSIBLE
Cas #219: IMPOSSIBLE
Cas #220: IMPOSSIBLE
Cas #221: IMPOSSIBLE
Cas #222: IMPOSSIBLE
Cas #223: IMPOSSIBLE
Cas #224: IMPOSSIBLE
Cas #225: RS
Cas #226: IMPOSSIBLE
Cas #227: IMPOSSIBLE
Cas #228: IMPOSSIBLE
Cas #229: IMPOSSIBLE
Cas #230: IMPOSSIBLE
Cas #231: RS
Cas #232: IMPOSSIBLE
Cas #233: IMPOSSIBLE
Cas #234: IMPOSSIBLE
Cas #235: IMPOSSIBLE
Cas #236: IMPOSSIBLE
Cas #237: IMPOSSIBLE
Cas #238: IMPOSSIBLE
Cas #239: IMPOSSIBLE
Cas #240: IMPOSSIBLE
Cas #241: IMPOSSIBLE
Cas #242: IMPOSSIBLE
Cas #243: PR
Cas #244: IMPOSSIBLE
Cas #245: IMPOSSIBLE
Cas #246: IMPOSSIBLE
Cas #247: IMPOSSIBLE
Cas #248: IMPOSSIBLE
Cas #249: PS
Cas #250: IMPOSSIBLE
Cas #251: IMPOSSIBLE
Cas #252: IMPOSSIBLE
Cas #253: IMPOSSIBLE
Cas #254: SRPR
Cas #255: IMPOSSIBLE
Cas #256: IMPOSSIBLE
Cas #257: IMPOSSIBLE
Cas #258: IMPOSSIBLE
Cas #259: IMPOSSIBLE
Cas #260: RPSRRS
Cas #261: RPSRPR
Cas #262: IMPOSSIBLE
Cas #263: SRPR
Cas #264: IMPOSSIBLE
Cas #265: IMPOSSIBLE
Cas #266: IMPOSSIBLE
Cas #267: IMPOSSIBLE
Cas #268: IMPOSSIBLE
Cas #269: IMPOSSIBLE
Cas #270: IMPOSSIBLE
Cas #271: RPPSPS
Cas #272: IMPOSSIBLE
Cas #273: IMPOSSIBLE
Cas #274: SRPR
Cas #275: IMPOSSIBLE
Cas #276: IMPOSSIBLE
Cas #277: IMPOSSIBLE
Cas #278: IMPOSSIBLE
Cas #279: IMPOSSIBLE
Cas #280: IMPOSSIBLE
Cas #281: IMPOSSIBLE
Cas #282: IMPOSSIBLE
Cas #283: IMPOSSIBLE
Cas #284: IMPOSSIBLE
Cas #285: IMPOSSIBLE
Cas #286: IMPOSSIBLE
Cas #287: IMPOSSIBLE
Cas #288: IMPOSSIBLE
Cas #289: IMPOSSIBLE
Cas #290: IMPOSSIBLE
Cas #291: IMPOSSIBLE
Cas #292: IMPOSSIBLE
Cas #293: IMPOSSIBLE
Cas #294: IMPOSSIBLE
Cas #295: RS
Cas #296: IMPOSSIBLE
Cas #297: IMPOSSIBLE
Cas #298: IMPOSSIBLE
Cas #299: IMPOSSIBLE
Cas #300: IMPOSSIBLE
Cas #301: IMPOSSIBLE
Cas #302: IMPOSSIBLE
Cas #303: IMPOSSIBLE
Cas #304: IMPOSSIBLE
Cas #305: RPSRRS
Cas #306: IMPOSSIBLE
Cas #307: IMPOSSIBLE
Cas #308: IMPOSSIBLE
Cas #309: IMPOSSIBLE
Cas #310: IMPOSSIBLE
Cas #311: IMPOSSIBLE
Cas #312: IMPOSSIBLE
Cas #313: IMPOSSIBLE
Cas #314: IMPOSSIBLE
Cas #315: IMPOSSIBLE
Cas #316: IMPOSSIBLE
Cas #317: IMPOSSIBLE
Cas #318: IMPOSSIBLE
Cas #319: IMPOSSIBLE
Cas #320: PS
Cas #321: IMPOSSIBLE
Cas #322: PR
Cas #323: IMPOSSIBLE
Cas #324: IMPOSSIBLE
Cas #325: IMPOSSIBLE
Cas #326: IMPOSSIBLE
Cas #327: IMPOSSIBLE
Cas #328: IMPOSSIBLE
Cas #329: IMPOSSIBLE
Cas #330: IMPOSSIBLE
Cas #331: IMPOSSIBLE
Cas #332: IMPOSSIBLE
Cas #333: IMPOSSIBLE
Cas #334: IMPOSSIBLE
Cas #335: PR
Cas #336: IMPOSSIBLE
Cas #337: IMPOSSIBLE
Cas #338: IMPOSSIBLE
Cas #339: IMPOSSIBLE
Cas #340: IMPOSSIBLE
Cas #341: IMPOSSIBLE
Cas #342: IMPOSSIBLE
Cas #343: IMPOSSIBLE
Cas #344: IMPOSSIBLE
Cas #345: IMPOSSIBLE
Cas #346: IMPOSSIBLE
Cas #347: IMPOSSIBLE
Cas #348: IMPOSSIBLE
Cas #349: IMPOSSIBLE
Cas #350: IMPOSSIBLE
Cas #351: IMPOSSIBLE
Cas #352: IMPOSSIBLE
Cas #353: IMPOSSIBLE
Cas #354: IMPOSSIBLE
Cas #355: IMPOSSIBLE
Cas #356: IMPOSSIBLE
Cas #357: SRPR
Cas #358: RPPSPR
Cas #359: IMPOSSIBLE
Cas #360: IMPOSSIBLE
Cas #361: IMPOSSIBLE
Cas #362: IMPOSSIBLE
Cas #363: IMPOSSIBLE
Cas #364: IMPOSSIBLE
Cas #365: IMPOSSIBLE
Cas #366: IMPOSSIBLE
Cas #367: IMPOSSIBLE
Cas #368: IMPOSSIBLE
Cas #369: IMPOSSIBLE
Cas #370: IMPOSSIBLE
Cas #371: IMPOSSIBLE
Cas #372: IMPOSSIBLE
Cas #373: IMPOSSIBLE
Cas #374: IMPOSSIBLE
Cas #375: IMPOSSIBLE
Cas #376: IMPOSSIBLE
Cas #377: IMPOSSIBLE
Cas #378: IMPOSSIBLE
Cas #379: IMPOSSIBLE
Cas #380: IMPOSSIBLE
Cas #381: PSPR
Cas #382: IMPOSSIBLE
Cas #383: IMPOSSIBLE
Cas #384: IMPOSSIBLE
Cas #385: IMPOSSIBLE
Cas #386: IMPOSSIBLE
Cas #387: RPSRRS
Cas #388: IMPOSSIBLE
Cas #389: IMPOSSIBLE
Cas #390: IMPOSSIBLE
Cas #391: IMPOSSIBLE
Cas #392: IMPOSSIBLE
Cas #393: IMPOSSIBLE
Cas #394: IMPOSSIBLE
Cas #395: IMPOSSIBLE
Cas #396: IMPOSSIBLE
Cas #397: IMPOSSIBLE
Cas #398: IMPOSSIBLE
Cas #399: IMPOSSIBLE
Cas #400: IMPOSSIBLE
Cas #401: IMPOSSIBLE
Cas #402: IMPOSSIBLE
Cas #403: IMPOSSIBLE
Cas #404: IMPOSSIBLE
Cas #405: IMPOSSIBLE
Cas #406: IMPOSSIBLE
Cas #407: IMPOSSIBLE
Cas #408: IMPOSSIBLE
Cas #409: IMPOSSIBLE
Cas #410: IMPOSSIBLE
Cas #411: IMPOSSIBLE
Cas #412: IMPOSSIBLE
Cas #413: SRPR
Cas #414: IMPOSSIBLE
Cas #415: IMPOSSIBLE
Cas #416: IMPOSSIBLE
Cas #417: SRPR
Cas #418: IMPOSSIBLE
Cas #419: IMPOSSIBLE
Cas #420: RPPSPS
Cas #421: IMPOSSIBLE
Cas #422: IMPOSSIBLE
Cas #423: IMPOSSIBLE
Cas #424: IMPOSSIBLE
Cas #425: IMPOSSIBLE
Cas #426: IMPOSSIBLE
Cas #427: IMPOSSIBLE
Cas #428: RPRPRS
Cas #429: IMPOSSIBLE
Cas #430: IMPOSSIBLE
Cas #431: IMPOSSIBLE
Cas #432: IMPOSSIBLE
Cas #433: IMPOSSIBLE
Cas #434: IMPOSSIBLE
Cas #435: IMPOSSIBLE
Cas #436: IMPOSSIBLE
Cas #437: IMPOSSIBLE
Cas #438: IMPOSSIBLE
Cas #439: IMPOSSIBLE
Cas #440: IMPOSSIBLE
Cas #441: IMPOSSIBLE
Cas #442: IMPOSSIBLE
Cas #443: IMPOSSIBLE
Cas #444: IMPOSSIBLE
Cas #445: RPPR
Cas #446: IMPOSSIBLE
Cas #447: RPRPRS
Cas #448: IMPOSSIBLE
Cas #449: RPPSPR
Cas #450: RS
Cas #451: IMPOSSIBLE
Cas #452: IMPOSSIBLE
Cas #453: IMPOSSIBLE
Cas #454: IMPOSSIBLE
Cas #455: IMPOSSIBLE
Cas #456: IMPOSSIBLE
Cas #457: IMPOSSIBLE
Cas #458: IMPOSSIBLE
Cas #459: IMPOSSIBLE
Cas #460: IMPOSSIBLE
Cas #461: IMPOSSIBLE
Cas #462: IMPOSSIBLE
Cas #463: IMPOSSIBLE
Cas #464: IMPOSSIBLE
Cas #465: RPSRRS
Cas #466: IMPOSSIBLE
Cas #467: IMPOSSIBLE
Cas #468: IMPOSSIBLE
Cas #469: IMPOSSIBLE
Cas #470: IMPOSSIBLE
Cas #471: IMPOSSIBLE
Cas #472: IMPOSSIBLE
Cas #473: IMPOSSIBLE
Cas #474: IMPOSSIBLE
Cas #475: IMPOSSIBLE
Cas #476: PR
Cas #477: IMPOSSIBLE
Cas #478: IMPOSSIBLE
Cas #479: IMPOSSIBLE
Cas #480: IMPOSSIBLE
Cas #481: IMPOSSIBLE
Cas #482: IMPOSSIBLE
Cas #483: IMPOSSIBLE
Cas #484: IMPOSSIBLE
Cas #485: IMPOSSIBLE
Cas #486: IMPOSSIBLE
Cas #487: IMPOSSIBLE
Cas #488: IMPOSSIBLE
Cas #489: IMPOSSIBLE
Cas #490: IMPOSSIBLE
Cas #491: IMPOSSIBLE
Cas #492: IMPOSSIBLE
Cas #493: IMPOSSIBLE
Cas #494: IMPOSSIBLE
Cas #495: IMPOSSIBLE
Cas #496: IMPOSSIBLE
Cas #497: IMPOSSIBLE
Cas #498: IMPOSSIBLE
Cas #499: SRPR
Cas #500: IMPOSSIBLE
Cas #501: IMPOSSIBLE
Cas #502: IMPOSSIBLE
Cas #503: IMPOSSIBLE
Cas #504: IMPOSSIBLE
Cas #505: PSPR
Cas #506: IMPOSSIBLE
Cas #507: IMPOSSIBLE
Cas #508: IMPOSSIBLE
Cas #509: IMPOSSIBLE
Cas #510: IMPOSSIBLE
Cas #511: PSPR
Cas #512: IMPOSSIBLE
Cas #513: IMPOSSIBLE
Cas #514: IMPOSSIBLE
Cas #515: IMPOSSIBLE
Cas #516: IMPOSSIBLE
Cas #517: IMPOSSIBLE
Cas #518: IMPOSSIBLE
Cas #519: PR
Cas #520: RPPR
Cas #521: IMPOSSIBLE
Cas #522: IMPOSSIBLE
Cas #523: IMPOSSIBLE
Cas #524: IMPOSSIBLE
Cas #525: IMPOSSIBLE
Cas #526: PS
Cas #527: IMPOSSIBLE
Cas #528: RPPR
Cas #529: IMPOSSIBLE
Cas #530: IMPOSSIBLE
Cas #531: IMPOSSIBLE
Cas #532: IMPOSSIBLE
Cas #533: IMPOSSIBLE
Cas #534: IMPOSSIBLE
Cas #535: PR
Cas #536: IMPOSSIBLE
Cas #537: IMPOSSIBLE
Cas #538: IMPOSSIBLE
Cas #539: IMPOSSIBLE
Cas #540: IMPOSSIBLE
Cas #541: IMPOSSIBLE
Cas #542: IMPOSSIBLE
Cas #543: IMPOSSIBLE
Cas #544: IMPOSSIBLE
Cas #545: IMPOSSIBLE
Cas #546: IMPOSSIBLE
Cas #547: IMPOSSIBLE
Cas #548: IMPOSSIBLE
Cas #549: IMPOSSIBLE
Cas #550: PR
Cas #551: IMPOSSIBLE
Cas #552: IMPOSSIBLE
Cas #553: IMPOSSIBLE
Cas #554: IMPOSSIBLE
Cas #555: IMPOSSIBLE
Cas #556: IMPOSSIBLE
Cas #557: IMPOSSIBLE
Cas #558: IMPOSSIBLE
Cas #559: IMPOSSIBLE
Cas #560: IMPOSSIBLE
Cas #561: IMPOSSIBLE
Cas #562: IMPOSSIBLE
Cas #563: IMPOSSIBLE
Cas #564: IMPOSSIBLE
Cas #565: IMPOSSIBLE
Cas #566: RS
Cas #567: IMPOSSIBLE
Cas #568: IMPOSSIBLE
Cas #569: IMPOSSIBLE
Cas #570: RS
Cas #571: RS
Cas #572: IMPOSSIBLE
Cas #573: IMPOSSIBLE
Cas #574: IMPOSSIBLE
Cas #575: IMPOSSIBLE
Cas #576: IMPOSSIBLE
Cas #577: IMPOSSIBLE
Cas #578: IMPOSSIBLE
Cas #579: IMPOSSIBLE
Cas #580: IMPOSSIBLE
Cas #581: IMPOSSIBLE
Cas #582: IMPOSSIBLE
Cas #583: IMPOSSIBLE
Cas #584: IMPOSSIBLE
Cas #585: IMPOSSIBLE
Cas #586: RS
Cas #587: IMPOSSIBLE
Cas #588: IMPOSSIBLE
Cas #589: IMPOSSIBLE
Cas #590: IMPOSSIBLE
Cas #591: IMPOSSIBLE
Cas #592: IMPOSSIBLE
Cas #593: IMPOSSIBLE
Cas #594: IMPOSSIBLE
Cas #595: IMPOSSIBLE
Cas #596: IMPOSSIBLE
Cas #597: IMPOSSIBLE
Cas #598: IMPOSSIBLE
Cas #599: IMPOSSIBLE
Cas #600: IMPOSSIBLE
Cas #601: IMPOSSIBLE
Cas #602: IMPOSSIBLE
Cas #603: IMPOSSIBLE
Cas #604: IMPOSSIBLE
Cas #605: IMPOSSIBLE
Cas #606: IMPOSSIBLE
Cas #607: IMPOSSIBLE
Cas #608: IMPOSSIBLE
Cas #609: SRPR
Cas #610: IMPOSSIBLE
Cas #611: IMPOSSIBLE
Cas #612: IMPOSSIBLE
Cas #613: IMPOSSIBLE
Cas #614: IMPOSSIBLE
Cas #615: IMPOSSIBLE
Cas #616: IMPOSSIBLE
Cas #617: IMPOSSIBLE
Cas #618: IMPOSSIBLE
Cas #619: IMPOSSIBLE
Cas #620: IMPOSSIBLE
Cas #621: IMPOSSIBLE
Cas #622: RPPR
Cas #623: IMPOSSIBLE
Cas #624: PR
Cas #625: IMPOSSIBLE
Cas #626: IMPOSSIBLE
Cas #627: IMPOSSIBLE
Cas #628: IMPOSSIBLE
Cas #629: IMPOSSIBLE
Cas #630: IMPOSSIBLE
Cas #631: IMPOSSIBLE
Cas #632: IMPOSSIBLE
Cas #633: IMPOSSIBLE
Cas #634: PR
Cas #635: PSPR
Cas #636: IMPOSSIBLE
Cas #637: IMPOSSIBLE
Cas #638: IMPOSSIBLE
Cas #639: IMPOSSIBLE
Cas #640: IMPOSSIBLE
Cas #641: IMPOSSIBLE
Cas #642: IMPOSSIBLE
Cas #643: IMPOSSIBLE
Cas #644: IMPOSSIBLE
Cas #645: IMPOSSIBLE
Cas #646: IMPOSSIBLE
Cas #647: IMPOSSIBLE
Cas #648: IMPOSSIBLE
Cas #649: RPPSPR
Cas #650: IMPOSSIBLE
Cas #651: IMPOSSIBLE
Cas #652: IMPOSSIBLE
Cas #653: IMPOSSIBLE
Cas #654: IMPOSSIBLE
Cas #655: IMPOSSIBLE
Cas #656: IMPOSSIBLE
Cas #657: RPPR
Cas #658: IMPOSSIBLE
Cas #659: IMPOSSIBLE
Cas #660: RS
Cas #661: IMPOSSIBLE
Cas #662: IMPOSSIBLE
Cas #663: IMPOSSIBLE
Cas #664: IMPOSSIBLE
Cas #665: RPSRRS
Cas #666: IMPOSSIBLE
Cas #667: IMPOSSIBLE
Cas #668: IMPOSSIBLE
Cas #669: IMPOSSIBLE
Cas #670: IMPOSSIBLE
Cas #671: IMPOSSIBLE
Cas #672: IMPOSSIBLE
Cas #673: SRPR
Cas #674: IMPOSSIBLE
Cas #675: IMPOSSIBLE
Cas #676: IMPOSSIBLE
Cas #677: IMPOSSIBLE
Cas #678: IMPOSSIBLE
Cas #679: IMPOSSIBLE
Cas #680: IMPOSSIBLE
Cas #681: IMPOSSIBLE
Cas #682: IMPOSSIBLE
Cas #683: IMPOSSIBLE
Cas #684: IMPOSSIBLE
Cas #685: IMPOSSIBLE
Cas #686: IMPOSSIBLE
Cas #687: RS
Cas #688: IMPOSSIBLE
Cas #689: IMPOSSIBLE
Cas #690: RS
Cas #691: IMPOSSIBLE
Cas #692: IMPOSSIBLE
Cas #693: IMPOSSIBLE
Cas #694: IMPOSSIBLE
Cas #695: IMPOSSIBLE
Cas #696: IMPOSSIBLE
Cas #697: RPPR
Cas #698: IMPOSSIBLE
Cas #699: IMPOSSIBLE
Cas #700: IMPOSSIBLE
Cas #701: IMPOSSIBLE
Cas #702: IMPOSSIBLE
Cas #703: IMPOSSIBLE
Cas #704: IMPOSSIBLE
Cas #705: IMPOSSIBLE
Cas #706: PS
Cas #707: PS
Cas #708: IMPOSSIBLE
Cas #709: IMPOSSIBLE
Cas #710: IMPOSSIBLE
Cas #711: IMPOSSIBLE
Cas #712: IMPOSSIBLE
Cas #713: IMPOSSIBLE
Cas #714: IMPOSSIBLE
Cas #715: IMPOSSIBLE
Cas #716: IMPOSSIBLE
Cas #717: SRPR
Cas #718: PSPR
Cas #719: IMPOSSIBLE
Cas #720: IMPOSSIBLE
Cas #721: IMPOSSIBLE
Cas #722: IMPOSSIBLE
Cas #723: IMPOSSIBLE
Cas #724: IMPOSSIBLE
Cas #725: IMPOSSIBLE
Cas #726: IMPOSSIBLE
Cas #727: IMPOSSIBLE
Cas #728: RPRPRS
Cas #729: IMPOSSIBLE
Cas #730: IMPOSSIBLE
Cas #731: IMPOSSIBLE
Cas #732: IMPOSSIBLE
Cas #733: IMPOSSIBLE
Cas #734: IMPOSSIBLE
Cas #735: IMPOSSIBLE
Cas #736: IMPOSSIBLE
Cas #737: IMPOSSIBLE
Cas #738: IMPOSSIBLE
Cas #739: IMPOSSIBLE
Cas #740: IMPOSSIBLE
Cas #741: IMPOSSIBLE
Cas #742: IMPOSSIBLE
Cas #743: IMPOSSIBLE
Cas #744: RS
Cas #745: IMPOSSIBLE
Cas #746: IMPOSSIBLE
Cas #747: RS
Cas #748: IMPOSSIBLE
Cas #749: IMPOSSIBLE
Cas #750: IMPOSSIBLE
Cas #751: IMPOSSIBLE
Cas #752: IMPOSSIBLE
Cas #753: IMPOSSIBLE
Cas #754: IMPOSSIBLE
Cas #755: RS
Cas #756: IMPOSSIBLE
Cas #757: IMPOSSIBLE
Cas #758: IMPOSSIBLE
Cas #759: IMPOSSIBLE
Cas #760: IMPOSSIBLE
Cas #761: IMPOSSIBLE
Cas #762: IMPOSSIBLE
Cas #763: IMPOSSIBLE
Cas #764: IMPOSSIBLE
Cas #765: IMPOSSIBLE
Cas #766: RPRPRS
Cas #767: IMPOSSIBLE
Cas #768: IMPOSSIBLE
Cas #769: IMPOSSIBLE
Cas #770: IMPOSSIBLE
Cas #771: IMPOSSIBLE
Cas #772: IMPOSSIBLE
Cas #773: IMPOSSIBLE
Cas #774: IMPOSSIBLE
Cas #775: IMPOSSIBLE
Cas #776: IMPOSSIBLE
Cas #777: IMPOSSIBLE
Cas #778: IMPOSSIBLE
Cas #779: IMPOSSIBLE
Cas #780: IMPOSSIBLE
Cas #781: RPRPRS
Cas #782: IMPOSSIBLE
Cas #783: IMPOSSIBLE
Cas #784: IMPOSSIBLE
Cas #785: IMPOSSIBLE
Cas #786: IMPOSSIBLE
Cas #787: RPSRRS
Cas #788: IMPOSSIBLE
Cas #789: IMPOSSIBLE
Cas #790: IMPOSSIBLE
Cas #791: PSPR
Cas #792: SRPR
Cas #793: IMPOSSIBLE
Cas #794: IMPOSSIBLE
Cas #795: IMPOSSIBLE
Cas #796: RPSRRS
Cas #797: IMPOSSIBLE
Cas #798: IMPOSSIBLE
Cas #799: IMPOSSIBLE
Cas #800: RS
Cas #801: IMPOSSIBLE
Cas #802: IMPOSSIBLE
Cas #803: IMPOSSIBLE
Cas #804: IMPOSSIBLE
Cas #805: IMPOSSIBLE
Cas #806: IMPOSSIBLE
Cas #807: PSPR
Cas #808: IMPOSSIBLE
Cas #809: IMPOSSIBLE
Cas #810: IMPOSSIBLE
Cas #811: IMPOSSIBLE
Cas #812: IMPOSSIBLE
Cas #813: SRPR
Cas #814: PSPR
Cas #815: IMPOSSIBLE
Cas #816: IMPOSSIBLE
Cas #817: IMPOSSIBLE
Cas #818: IMPOSSIBLE
Cas #819: IMPOSSIBLE
Cas #820: IMPOSSIBLE
Cas #821: IMPOSSIBLE
Cas #822: IMPOSSIBLE
Cas #823: IMPOSSIBLE
Cas #824: IMPOSSIBLE
Cas #825: IMPOSSIBLE
Cas #826: IMPOSSIBLE
Cas #827: IMPOSSIBLE
Cas #828: IMPOSSIBLE
Cas #829: IMPOSSIBLE
Cas #830: IMPOSSIBLE
Cas #831: IMPOSSIBLE
Cas #832: IMPOSSIBLE
Cas #833: IMPOSSIBLE
Cas #834: IMPOSSIBLE
Cas #835: IMPOSSIBLE
Cas #836: IMPOSSIBLE
Cas #837: IMPOSSIBLE
Cas #838: IMPOSSIBLE
Cas #839: IMPOSSIBLE
Cas #840: PR
Cas #841: IMPOSSIBLE
Cas #842: IMPOSSIBLE
Cas #843: IMPOSSIBLE
Cas #844: IMPOSSIBLE
Cas #845: IMPOSSIBLE
Cas #846: IMPOSSIBLE
Cas #847: PSPR
Cas #848: IMPOSSIBLE
Cas #849: IMPOSSIBLE
Cas #850: IMPOSSIBLE
Cas #851: SRPR
Cas #852: IMPOSSIBLE
Cas #853: IMPOSSIBLE
Cas #854: IMPOSSIBLE
Cas #855: IMPOSSIBLE
Cas #856: IMPOSSIBLE
Cas #857: IMPOSSIBLE
Cas #858: IMPOSSIBLE
Cas #859: IMPOSSIBLE
Cas #860: IMPOSSIBLE
Cas #861: IMPOSSIBLE
Cas #862: IMPOSSIBLE
Cas #863: IMPOSSIBLE
Cas #864: IMPOSSIBLE
Cas #865: IMPOSSIBLE
Cas #866: IMPOSSIBLE
Cas #867: IMPOSSIBLE
Cas #868: IMPOSSIBLE
Cas #869: IMPOSSIBLE
Cas #870: IMPOSSIBLE
Cas #871: IMPOSSIBLE
Cas #872: IMPOSSIBLE
Cas #873: IMPOSSIBLE
Cas #874: IMPOSSIBLE
Cas #875: IMPOSSIBLE
Cas #876: IMPOSSIBLE
Cas #877: IMPOSSIBLE
Cas #878: IMPOSSIBLE
Cas #879: IMPOSSIBLE
Cas #880: IMPOSSIBLE
Cas #881: IMPOSSIBLE
Cas #882: IMPOSSIBLE
Cas #883: IMPOSSIBLE
Cas #884: IMPOSSIBLE
Cas #885: IMPOSSIBLE
Cas #886: IMPOSSIBLE
Cas #887: IMPOSSIBLE
Cas #888: IMPOSSIBLE
Cas #889: IMPOSSIBLE
Cas #890: IMPOSSIBLE
Cas #891: IMPOSSIBLE
Cas #892: IMPOSSIBLE
Cas #893: IMPOSSIBLE
Cas #894: IMPOSSIBLE
Cas #895: IMPOSSIBLE
Cas #896: IMPOSSIBLE
Cas #897: IMPOSSIBLE
Cas #898: RPPR
Cas #899: IMPOSSIBLE
Cas #900: IMPOSSIBLE
Cas #901: IMPOSSIBLE
Cas #902: IMPOSSIBLE
Cas #903: IMPOSSIBLE
Cas #904: IMPOSSIBLE
Cas #905: IMPOSSIBLE
Cas #906: IMPOSSIBLE
Cas #907: IMPOSSIBLE
Cas #908: IMPOSSIBLE
Cas #909: IMPOSSIBLE
Cas #910: IMPOSSIBLE
Cas #911: IMPOSSIBLE
Cas #912: IMPOSSIBLE
Cas #913: IMPOSSIBLE
Cas #914: IMPOSSIBLE
Cas #915: IMPOSSIBLE
Cas #916: IMPOSSIBLE
Cas #917: IMPOSSIBLE
Cas #918: IMPOSSIBLE
Cas #919: IMPOSSIBLE
Cas #920: IMPOSSIBLE
Cas #921: IMPOSSIBLE
Cas #922: IMPOSSIBLE
Cas #923: IMPOSSIBLE
Cas #924: IMPOSSIBLE
Cas #925: RPRPRS
Cas #926: IMPOSSIBLE
Cas #927: IMPOSSIBLE
Cas #928: RPRPPR
Cas #929: IMPOSSIBLE
Cas #930: IMPOSSIBLE
Cas #931: IMPOSSIBLE
Cas #932: IMPOSSIBLE
Cas #933: IMPOSSIBLE
Cas #934: IMPOSSIBLE
Cas #935: IMPOSSIBLE
Cas #936: IMPOSSIBLE
Cas #937: IMPOSSIBLE
Cas #938: IMPOSSIBLE
Cas #939: IMPOSSIBLE
Cas #940: IMPOSSIBLE
Cas #941: IMPOSSIBLE
Cas #942: IMPOSSIBLE
Cas #943: PR
Cas #944: IMPOSSIBLE
Cas #945: RPRPPR
Cas #946: IMPOSSIBLE
Cas #947: IMPOSSIBLE
Cas #948: IMPOSSIBLE
Cas #949: IMPOSSIBLE
Cas #950: IMPOSSIBLE
Cas #951: RPRPRS
Cas #952: IMPOSSIBLE
Cas #953: IMPOSSIBLE
Cas #954: IMPOSSIBLE
Cas #955: IMPOSSIBLE
Cas #956: IMPOSSIBLE
Cas #957: IMPOSSIBLE
Cas #958: IMPOSSIBLE
Cas #959: IMPOSSIBLE
Cas #960: IMPOSSIBLE
Cas #961: IMPOSSIBLE
Cas #962: IMPOSSIBLE
Cas #963: IMPOSSIBLE
Cas #964: IMPOSSIBLE
Cas #965: IMPOSSIBLE
Cas #966: IMPOSSIBLE
Cas #967: IMPOSSIBLE
Cas #968: IMPOSSIBLE
Cas #969: IMPOSSIBLE
Cas #970: PR
Cas #971: IMPOSSIBLE
Cas #972: IMPOSSIBLE
Cas #973: SRPR
Cas #974: PS
Cas #975: IMPOSSIBLE
Cas #976: IMPOSSIBLE
Cas #977: IMPOSSIBLE
Cas #978: IMPOSSIBLE
Cas #979: IMPOSSIBLE
Cas #980: IMPOSSIBLE
Cas #981: IMPOSSIBLE
Cas #982: IMPOSSIBLE
Cas #983: IMPOSSIBLE
Cas #984: IMPOSSIBLE
Cas #985: IMPOSSIBLE
Cas #986: IMPOSSIBLE
Cas #987: IMPOSSIBLE
Cas #988: PSPR
Cas #989: IMPOSSIBLE
Cas #990: IMPOSSIBLE
Cas #991: IMPOSSIBLE
Cas #992: IMPOSSIBLE
Cas #993: IMPOSSIBLE
Cas #994: IMPOSSIBLE
Cas #995: RPPR
Cas #996: IMPOSSIBLE
Cas #997: PSPR
Cas #998: IMPOSSIBLE
Cas #999: PR
Cas #1000: IMPOSSIBLE
